[2023/05/07 20:57:28.059] - Starting server with initial configuration: {"gasLimit":6721975,"gasPrice":20000000000,"hardfork":"merge","hostname":"127.0.0.1","port":8545,"network_id":5777,"default_balance_ether":300,"total_accounts":5,"unlocked_accounts":[],"locked":false,"vmErrorsOnRPCResponse":true,"verbose":false,"flavor":"ethereum","db_path":"C:\\Users\\Jistro\\AppData\\Roaming\\Ganache\\ui\\workspaces\\Red_BUAP\\chaindata","mnemonic":"fiscal hour capable torch purity bird abuse suggest loan extra found bundle","logDirectory":"C:\\Users\\Jistro\\Documents\\GitHub\\curso_blockchain_y_web3\\Curso 2\\05_Primer proyecto ganache\\logs"}
[2023/05/07 20:57:28.324] - eth_blockNumber
[2023/05/07 20:57:28.325] - eth_accounts
[2023/05/07 20:57:28.325] - eth_gasPrice
[2023/05/07 20:57:28.325] - eth_getBlockByNumber
[2023/05/07 20:57:28.325] - eth_subscribe
[2023/05/07 20:57:28.327] - eth_accounts
[2023/05/07 20:57:28.335] - eth_getBalance
[2023/05/07 20:57:28.336] - eth_getTransactionCount
[2023/05/07 20:57:28.337] - eth_getBalance
[2023/05/07 20:57:28.339] - eth_getTransactionCount
[2023/05/07 20:57:28.340] - eth_getBalance
[2023/05/07 20:57:28.341] - eth_getTransactionCount
[2023/05/07 20:57:28.341] - eth_getBalance
[2023/05/07 20:57:28.342] - eth_getTransactionCount
[2023/05/07 20:57:28.343] - eth_getBalance
[2023/05/07 20:57:28.345] - eth_getTransactionCount
[2023/05/07 20:57:28.365] - eth_subscribe
[2023/05/07 20:57:28.366] - eth_getLogs
[2023/05/07 20:57:28.366] - eth_subscribe
[2023/05/07 20:57:28.367] - eth_subscribe
[2023/05/07 20:57:28.367] - eth_getLogs
[2023/05/07 20:57:28.368] - eth_subscribe
[2023/05/07 20:57:28.410] - eth_getTransactionCount
[2023/05/07 20:57:28.411] - eth_getBalance
[2023/05/07 20:57:28.412] - eth_getTransactionCount
[2023/05/07 20:57:28.418] - eth_blockNumber
[2023/05/07 20:57:28.419] - eth_subscribe
[2023/05/07 20:57:28.419] - eth_getBalance
[2023/05/07 20:57:28.420] - eth_getTransactionCount
[2023/05/07 20:57:28.420] - eth_getBalance
[2023/05/07 20:57:28.421] - eth_getTransactionCount
[2023/05/07 20:57:28.423] - eth_getBalance
[2023/05/07 20:57:28.423] - eth_getTransactionCount
[2023/05/07 20:57:28.423] - eth_getBalance
[2023/05/07 20:57:28.424] - eth_getTransactionCount
[2023/05/07 20:57:28.424] - eth_getBalance
[2023/05/07 20:57:28.424] - eth_getTransactionCount
[2023/05/07 20:57:28.429] - eth_getTransactionCount
[2023/05/07 20:57:28.429] - eth_getBalance
[2023/05/07 20:57:28.430] - eth_getTransactionCount
[2023/05/07 20:57:28.430] - eth_getBalance
[2023/05/07 20:57:28.430] - eth_getTransactionCount
[2023/05/07 20:57:28.430] - eth_getBalance
[2023/05/07 20:57:28.444] - eth_getBalance
[2023/05/07 20:57:28.447] - eth_getTransactionCount
[2023/05/07 20:57:28.448] - eth_getBalance
[2023/05/07 20:57:28.450] - eth_getTransactionCount
[2023/05/07 20:57:28.451] - eth_getBalance
[2023/05/07 20:57:28.452] - eth_getTransactionCount
[2023/05/07 20:57:28.453] - eth_getBalance
[2023/05/07 20:57:28.454] - eth_getTransactionCount
[2023/05/07 20:57:28.455] - eth_getBalance
[2023/05/07 20:57:28.456] - eth_getTransactionCount
[2023/05/07 20:57:31.896] - eth_getBlockByNumber
[2023/05/07 20:57:31.904] - eth_getBlockByNumber
[2023/05/07 20:57:31.908] - eth_getLogs
[2023/05/07 20:57:36.646] - net_version
[2023/05/07 20:57:36.667] - eth_accounts
[2023/05/07 20:57:36.674] - net_version
[2023/05/07 20:57:36.683] - eth_estimateGas
[2023/05/07 20:57:36.705] - eth_getBlockByNumber
[2023/05/07 20:57:36.715] - eth_gasPrice
[2023/05/07 20:57:36.725] - eth_sendTransaction
[2023/05/07 20:57:36.734] - 
  Transaction: 0xe53475d16a5ec93ebd5d0a5321d5d60404163080aaf8b9651fd5bccc3b955501
  Contract created: 0x4d3be116c7137cbf475bb839a67922f41994f8df
  Gas usage: 840811
  Block number: 2
  Block time: Sun May 07 2023 20:57:36 GMT-0500 (hora de verano central)

[2023/05/07 20:57:36.736] - eth_getBlockByNumber
[2023/05/07 20:57:36.742] - eth_getBalance
[2023/05/07 20:57:36.743] - eth_getTransactionCount
[2023/05/07 20:57:36.744] - eth_getBalance
[2023/05/07 20:57:36.745] - eth_getTransactionCount
[2023/05/07 20:57:36.746] - net_version
[2023/05/07 20:57:36.746] - eth_getBalance
[2023/05/07 20:57:36.752] - eth_getTransactionCount
[2023/05/07 20:57:36.754] - eth_getTransactionReceipt
[2023/05/07 20:57:36.754] - eth_getBalance
[2023/05/07 20:57:36.755] - eth_getTransactionCount
[2023/05/07 20:57:36.757] - eth_getBalance
[2023/05/07 20:57:36.758] - eth_getTransactionCount
[2023/05/07 20:57:36.765] - eth_getTransactionReceipt
[2023/05/07 20:57:36.772] - eth_getTransactionByHash
[2023/05/07 20:57:36.781] - eth_getCode
[2023/05/07 20:57:36.829] - eth_getTransactionByHash
[2023/05/07 20:57:36.840] - eth_getBalance
[2023/05/07 20:57:36.850] - eth_getBalance
[2023/05/07 20:57:36.856] - eth_getTransactionReceipt
[2023/05/07 20:57:36.862] - eth_getBalance
[2023/05/07 20:57:36.870] - eth_getBalance
[2023/05/07 20:57:36.878] - eth_getBalance
[2023/05/07 20:57:36.884] - eth_getBalance
[2023/05/07 20:57:39.197] - eth_getBlockByNumber
[2023/05/07 20:57:39.205] - net_version
[2023/05/07 20:57:42.262] - eth_getBlockTransactionCountByHash
[2023/05/07 20:57:42.435] - eth_getBlockTransactionCountByHash
[2023/05/07 20:57:42.438] - eth_getBlockByNumber
[2023/05/07 20:57:42.440] - eth_getBlockTransactionCountByHash
[2023/05/07 20:57:46.470] - eth_getBlockByNumber
[2023/05/07 20:57:46.476] - eth_getTransactionReceipt
[2023/05/07 20:57:52.757] - net_version
[2023/05/07 20:57:53.998] - eth_accounts
[2023/05/07 20:57:54.004] - eth_getBalance
[2023/05/07 20:57:54.010] - eth_getBalance
[2023/05/07 20:57:54.015] - eth_getBalance
[2023/05/07 20:57:54.021] - eth_getBalance
[2023/05/07 20:57:54.031] - eth_getBalance
[2023/05/07 20:57:54.038] - eth_getBalance
[2023/05/07 20:57:55.069] - eth_getBlockByNumber
[2023/05/07 20:57:55.091] - net_version
[2023/05/07 20:58:05.450] - eth_call
[2023/05/07 20:58:09.196] - eth_getBlockByNumber
[2023/05/07 20:58:09.206] - net_version
[2023/05/07 20:58:22.743] - net_version
[2023/05/07 20:58:23.996] - eth_accounts
[2023/05/07 20:58:24.004] - eth_getBalance
[2023/05/07 20:58:24.010] - eth_getBalance
[2023/05/07 20:58:24.017] - eth_getBalance
[2023/05/07 20:58:24.023] - eth_getBalance
[2023/05/07 20:58:24.030] - eth_getBalance
[2023/05/07 20:58:24.036] - eth_getBalance
[2023/05/07 20:58:24.207] - eth_getBlockByNumber
[2023/05/07 20:58:24.214] - net_version
[2023/05/07 20:58:39.202] - eth_getBlockByNumber
[2023/05/07 20:58:39.209] - net_version
[2023/05/07 20:58:52.749] - net_version
[2023/05/07 20:58:54.006] - eth_accounts
[2023/05/07 20:58:54.013] - eth_getBalance
[2023/05/07 20:58:54.020] - eth_getBalance
[2023/05/07 20:58:54.026] - eth_getBalance
[2023/05/07 20:58:54.033] - eth_getBalance
[2023/05/07 20:58:54.039] - eth_getBalance
[2023/05/07 20:58:54.044] - eth_getBalance
[2023/05/07 20:58:54.200] - eth_getBlockByNumber
[2023/05/07 20:58:54.207] - net_version
[2023/05/07 20:59:09.322] - eth_getBlockByNumber
[2023/05/07 20:59:09.329] - net_version
[2023/05/07 20:59:22.746] - net_version
[2023/05/07 20:59:24.004] - eth_accounts
[2023/05/07 20:59:24.013] - eth_getBalance
[2023/05/07 20:59:24.020] - eth_getBalance
[2023/05/07 20:59:24.027] - eth_getBalance
[2023/05/07 20:59:24.034] - eth_getBalance
[2023/05/07 20:59:24.042] - eth_getBalance
[2023/05/07 20:59:24.049] - eth_getBalance
[2023/05/07 20:59:24.200] - eth_getBlockByNumber
[2023/05/07 20:59:24.207] - net_version
[2023/05/07 20:59:39.196] - eth_getBlockByNumber
[2023/05/07 20:59:39.203] - net_version
[2023/05/07 20:59:52.748] - net_version
[2023/05/07 20:59:54.005] - eth_accounts
[2023/05/07 20:59:54.011] - eth_getBalance
[2023/05/07 20:59:54.017] - eth_getBalance
[2023/05/07 20:59:54.024] - eth_getBalance
[2023/05/07 20:59:54.030] - eth_getBalance
[2023/05/07 20:59:54.036] - eth_getBalance
[2023/05/07 20:59:54.042] - eth_getBalance
[2023/05/07 20:59:54.201] - eth_getBlockByNumber
[2023/05/07 20:59:54.208] - net_version
[2023/05/07 21:00:09.211] - eth_getBlockByNumber
[2023/05/07 21:00:09.217] - net_version
[2023/05/07 21:00:22.745] - net_version
[2023/05/07 21:00:24.002] - eth_accounts
[2023/05/07 21:00:24.009] - eth_getBalance
[2023/05/07 21:00:24.016] - eth_getBalance
[2023/05/07 21:00:24.021] - eth_getBalance
[2023/05/07 21:00:24.027] - eth_getBalance
[2023/05/07 21:00:24.032] - eth_getBalance
[2023/05/07 21:00:24.038] - eth_getBalance
[2023/05/07 21:00:24.199] - eth_getBlockByNumber
[2023/05/07 21:00:24.205] - net_version
[2023/05/07 21:00:39.200] - eth_getBlockByNumber
[2023/05/07 21:00:39.206] - net_version
[2023/05/07 21:00:52.755] - net_version
[2023/05/07 21:00:53.994] - eth_accounts
[2023/05/07 21:00:54.001] - eth_getBalance
[2023/05/07 21:00:54.008] - eth_getBalance
[2023/05/07 21:00:54.013] - eth_getBalance
[2023/05/07 21:00:54.020] - eth_getBalance
[2023/05/07 21:00:54.026] - eth_getBalance
[2023/05/07 21:00:54.032] - eth_getBalance
[2023/05/07 21:00:54.207] - eth_getBlockByNumber
[2023/05/07 21:00:54.214] - net_version
[2023/05/07 21:01:09.211] - eth_getBlockByNumber
[2023/05/07 21:01:09.217] - net_version
[2023/05/07 21:01:22.749] - net_version
[2023/05/07 21:01:24.007] - eth_accounts
[2023/05/07 21:01:24.014] - eth_getBalance
[2023/05/07 21:01:24.019] - eth_getBalance
[2023/05/07 21:01:24.025] - eth_getBalance
[2023/05/07 21:01:24.031] - eth_getBalance
[2023/05/07 21:01:24.036] - eth_getBalance
[2023/05/07 21:01:24.042] - eth_getBalance
[2023/05/07 21:01:24.202] - eth_getBlockByNumber
[2023/05/07 21:01:24.208] - net_version
[2023/05/07 21:01:39.197] - eth_getBlockByNumber
[2023/05/07 21:01:39.203] - net_version
[2023/05/07 21:01:52.743] - net_version
[2023/05/07 21:01:53.264] - eth_accounts
[2023/05/07 21:01:53.271] - net_version
[2023/05/07 21:01:53.281] - eth_estimateGas
[2023/05/07 21:01:53.335] - eth_getBlockByNumber
[2023/05/07 21:01:53.343] - eth_gasPrice
[2023/05/07 21:01:53.352] - eth_sendTransaction
[2023/05/07 21:01:53.371] - 
  Transaction: 0x80ead4f8172de9995dede7c1367f74d88fb215599de5afde0168a744c9606380
  Gas usage: 49907
  Block number: 3
  Block time: Sun May 07 2023 21:01:53 GMT-0500 (hora de verano central)

[2023/05/07 21:01:53.373] - eth_getBlockByNumber
[2023/05/07 21:01:53.375] - eth_getBalance
[2023/05/07 21:01:53.378] - eth_getTransactionCount
[2023/05/07 21:01:53.379] - eth_getBalance
[2023/05/07 21:01:53.379] - net_version
[2023/05/07 21:01:53.380] - eth_getTransactionCount
[2023/05/07 21:01:53.381] - eth_getBalance
[2023/05/07 21:01:53.382] - eth_getTransactionCount
[2023/05/07 21:01:53.383] - eth_getBalance
[2023/05/07 21:01:53.384] - eth_getTransactionCount
[2023/05/07 21:01:53.385] - eth_getBalance
[2023/05/07 21:01:53.386] - eth_getTransactionReceipt
[2023/05/07 21:01:53.387] - eth_getTransactionCount
[2023/05/07 21:01:53.394] - eth_getTransactionReceipt
[2023/05/07 21:01:53.403] - eth_getTransactionByHash
[2023/05/07 21:01:53.416] - eth_getTransactionByHash
[2023/05/07 21:01:53.422] - eth_getBalance
[2023/05/07 21:01:53.429] - eth_getBalance
[2023/05/07 21:01:53.435] - eth_getTransactionReceipt
[2023/05/07 21:01:53.441] - eth_getBalance
[2023/05/07 21:01:53.451] - eth_getBalance
[2023/05/07 21:01:53.458] - eth_getBalance
[2023/05/07 21:01:53.466] - eth_getBalance
[2023/05/07 21:01:53.995] - eth_accounts
[2023/05/07 21:01:54.008] - eth_getBalance
[2023/05/07 21:01:54.023] - eth_getBalance
[2023/05/07 21:01:54.034] - eth_getBalance
[2023/05/07 21:01:54.042] - eth_getBalance
[2023/05/07 21:01:54.053] - eth_getBalance
[2023/05/07 21:01:54.064] - eth_getBalance
[2023/05/07 21:01:54.202] - eth_getBlockByNumber
[2023/05/07 21:01:54.211] - net_version
[2023/05/07 21:02:02.612] - eth_accounts
[2023/05/07 21:02:02.620] - net_version
[2023/05/07 21:02:02.628] - eth_estimateGas
[2023/05/07 21:02:02.652] - eth_getBlockByNumber
[2023/05/07 21:02:02.658] - eth_gasPrice
[2023/05/07 21:02:02.665] - eth_sendTransaction
[2023/05/07 21:02:02.677] - 
  Transaction: 0xbc0721ba6ba6820841c2dd9c91fc605c4ed182eed69b8278a66f16e00d5ea818
  Gas usage: 49907
  Block number: 4
  Block time: Sun May 07 2023 21:02:02 GMT-0500 (hora de verano central)

[2023/05/07 21:02:02.679] - eth_getBlockByNumber
[2023/05/07 21:02:02.681] - eth_getBalance
[2023/05/07 21:02:02.684] - eth_getTransactionCount
[2023/05/07 21:02:02.685] - net_version
[2023/05/07 21:02:02.686] - eth_getBalance
[2023/05/07 21:02:02.687] - eth_getTransactionCount
[2023/05/07 21:02:02.688] - eth_getBalance
[2023/05/07 21:02:02.689] - eth_getTransactionCount
[2023/05/07 21:02:02.690] - eth_getBalance
[2023/05/07 21:02:02.692] - eth_getTransactionReceipt
[2023/05/07 21:02:02.692] - eth_getTransactionCount
[2023/05/07 21:02:02.693] - eth_getBalance
[2023/05/07 21:02:02.695] - eth_getTransactionCount
[2023/05/07 21:02:02.701] - eth_getTransactionReceipt
[2023/05/07 21:02:02.708] - eth_getTransactionByHash
[2023/05/07 21:02:02.735] - eth_getTransactionByHash
[2023/05/07 21:02:02.742] - eth_getBalance
[2023/05/07 21:02:02.749] - eth_getBalance
[2023/05/07 21:02:02.755] - eth_getTransactionReceipt
[2023/05/07 21:02:02.762] - eth_getBalance
[2023/05/07 21:02:02.772] - eth_getBalance
[2023/05/07 21:02:02.780] - eth_getBalance
[2023/05/07 21:02:02.788] - eth_getBalance
[2023/05/07 21:02:09.197] - eth_getBlockByNumber
[2023/05/07 21:02:09.205] - net_version
[2023/05/07 21:02:17.417] - eth_accounts
[2023/05/07 21:02:17.424] - net_version
[2023/05/07 21:02:17.434] - eth_estimateGas
[2023/05/07 21:02:17.457] - eth_getBlockByNumber
[2023/05/07 21:02:17.463] - eth_gasPrice
[2023/05/07 21:02:17.470] - eth_sendTransaction
[2023/05/07 21:02:17.482] - 
  Transaction: 0x80a9ee7c24f82e556dbf917a46831b4f148c31e6b15bf700ccdfc24d9d175094
  Gas usage: 49907
  Block number: 5
  Block time: Sun May 07 2023 21:02:17 GMT-0500 (hora de verano central)

[2023/05/07 21:02:17.484] - eth_getBlockByNumber
[2023/05/07 21:02:17.487] - eth_getBalance
[2023/05/07 21:02:17.487] - eth_getTransactionCount
[2023/05/07 21:02:17.489] - eth_getBalance
[2023/05/07 21:02:17.490] - eth_getTransactionCount
[2023/05/07 21:02:17.490] - net_version
[2023/05/07 21:02:17.491] - eth_getBalance
[2023/05/07 21:02:17.492] - eth_getTransactionCount
[2023/05/07 21:02:17.494] - eth_getBalance
[2023/05/07 21:02:17.495] - eth_getTransactionCount
[2023/05/07 21:02:17.498] - eth_getTransactionReceipt
[2023/05/07 21:02:17.498] - eth_getBalance
[2023/05/07 21:02:17.500] - eth_getTransactionCount
[2023/05/07 21:02:17.506] - eth_getTransactionReceipt
[2023/05/07 21:02:17.514] - eth_getTransactionByHash
[2023/05/07 21:02:17.537] - eth_getTransactionByHash
[2023/05/07 21:02:17.543] - eth_getBalance
[2023/05/07 21:02:17.550] - eth_getBalance
[2023/05/07 21:02:17.556] - eth_getTransactionReceipt
[2023/05/07 21:02:17.562] - eth_getBalance
[2023/05/07 21:02:17.571] - eth_getBalance
[2023/05/07 21:02:17.578] - eth_getBalance
[2023/05/07 21:02:17.585] - eth_getBalance
[2023/05/07 21:02:20.643] - eth_getBlockByNumber
[2023/05/07 21:02:20.649] - eth_getTransactionReceipt
[2023/05/07 21:02:20.653] - eth_getBlockByNumber
[2023/05/07 21:02:20.658] - eth_getTransactionReceipt
[2023/05/07 21:02:20.663] - eth_getBlockByNumber
[2023/05/07 21:02:20.667] - eth_getTransactionReceipt
[2023/05/07 21:02:20.672] - eth_getTransactionReceipt
[2023/05/07 21:02:20.676] - eth_getBlockByNumber
[2023/05/07 21:02:20.679] - eth_getTransactionReceipt
[2023/05/07 21:02:20.682] - eth_getBlockByNumber
[2023/05/07 21:02:22.758] - net_version
[2023/05/07 21:02:23.978] - eth_getTransactionByHash
[2023/05/07 21:02:23.981] - eth_getBlockByNumber
[2023/05/07 21:02:23.999] - eth_accounts
[2023/05/07 21:02:24.008] - eth_getBalance
[2023/05/07 21:02:24.019] - eth_getBalance
[2023/05/07 21:02:24.030] - eth_getBalance
[2023/05/07 21:02:24.040] - eth_getBalance
[2023/05/07 21:02:24.047] - eth_getBalance
[2023/05/07 21:02:24.053] - eth_getBalance
[2023/05/07 21:02:24.209] - eth_getBlockByNumber
[2023/05/07 21:02:24.216] - net_version
[2023/05/07 21:02:39.201] - eth_getBlockByNumber
[2023/05/07 21:02:39.208] - net_version
[2023/05/07 21:02:52.222] - eth_getBlockByNumber
[2023/05/07 21:02:52.226] - eth_getBlockByNumber
[2023/05/07 21:02:52.229] - eth_getLogs
[2023/05/07 21:02:52.751] - net_version
[2023/05/07 21:02:53.993] - eth_accounts
[2023/05/07 21:02:54.000] - eth_getBalance
[2023/05/07 21:02:54.006] - eth_getBalance
[2023/05/07 21:02:54.013] - eth_getBalance
[2023/05/07 21:02:54.021] - eth_getBalance
[2023/05/07 21:02:54.029] - eth_getBalance
[2023/05/07 21:02:54.037] - eth_getBalance
[2023/05/07 21:02:54.210] - eth_getBlockByNumber
[2023/05/07 21:02:54.220] - net_version
[2023/05/07 21:03:09.196] - eth_getBlockByNumber
[2023/05/07 21:03:09.203] - net_version
[2023/05/07 21:03:10.840] - eth_call
[2023/05/07 21:03:15.141] - eth_call
[2023/05/07 21:03:17.544] - eth_call
[2023/05/07 21:03:22.619] - eth_accounts
[2023/05/07 21:03:22.627] - net_version
[2023/05/07 21:03:22.635] - eth_estimateGas
[2023/05/07 21:03:22.665] - eth_getBlockByNumber
[2023/05/07 21:03:22.675] - eth_gasPrice
[2023/05/07 21:03:22.684] - eth_sendTransaction
[2023/05/07 21:03:22.698] - 
  Transaction: 0x4e1700977eb76fe238e3e24aefc38c92e011b51bb84a1b60b7fecf3461fce9e3
  Gas usage: 114840
  Block number: 6
  Block time: Sun May 07 2023 21:03:22 GMT-0500 (hora de verano central)

[2023/05/07 21:03:22.700] - eth_getBlockByNumber
[2023/05/07 21:03:22.704] - eth_getBlockByNumber
[2023/05/07 21:03:22.706] - eth_getBalance
[2023/05/07 21:03:22.708] - eth_getTransactionCount
[2023/05/07 21:03:22.711] - eth_getBalance
[2023/05/07 21:03:22.712] - eth_getTransactionCount
[2023/05/07 21:03:22.712] - net_version
[2023/05/07 21:03:22.713] - eth_getBalance
[2023/05/07 21:03:22.713] - eth_getTransactionCount
[2023/05/07 21:03:22.714] - eth_getBalance
[2023/05/07 21:03:22.715] - eth_getTransactionCount
[2023/05/07 21:03:22.716] - eth_getBalance
[2023/05/07 21:03:22.717] - eth_getTransactionCount
[2023/05/07 21:03:22.723] - eth_getTransactionReceipt
[2023/05/07 21:03:22.723] - eth_getTransactionReceipt
[2023/05/07 21:03:22.734] - eth_getTransactionReceipt
[2023/05/07 21:03:22.744] - eth_getTransactionByHash
[2023/05/07 21:03:22.754] - net_version
[2023/05/07 21:03:22.772] - eth_getTransactionByHash
[2023/05/07 21:03:22.779] - eth_getBalance
[2023/05/07 21:03:22.785] - eth_getBalance
[2023/05/07 21:03:22.792] - eth_getTransactionReceipt
[2023/05/07 21:03:22.800] - eth_getBalance
[2023/05/07 21:03:22.806] - eth_getBalance
[2023/05/07 21:03:22.813] - eth_getBalance
[2023/05/07 21:03:22.820] - eth_getBalance
[2023/05/07 21:03:23.993] - eth_accounts
[2023/05/07 21:03:24.003] - eth_getBalance
[2023/05/07 21:03:24.013] - eth_getBalance
[2023/05/07 21:03:24.022] - eth_getBalance
[2023/05/07 21:03:24.030] - eth_getBalance
[2023/05/07 21:03:24.038] - eth_getBalance
[2023/05/07 21:03:24.048] - eth_getBalance
[2023/05/07 21:03:24.200] - eth_getBlockByNumber
[2023/05/07 21:03:24.209] - net_version
[2023/05/07 21:03:24.373] - eth_call
[2023/05/07 21:03:31.784] - eth_call
[2023/05/07 21:03:39.197] - eth_getBlockByNumber
[2023/05/07 21:03:39.207] - net_version
[2023/05/07 21:03:52.753] - net_version
[2023/05/07 21:03:53.996] - eth_accounts
[2023/05/07 21:03:54.005] - eth_getBalance
[2023/05/07 21:03:54.012] - eth_getBalance
[2023/05/07 21:03:54.021] - eth_getBalance
[2023/05/07 21:03:54.027] - eth_getBalance
[2023/05/07 21:03:54.034] - eth_getBalance
[2023/05/07 21:03:54.041] - eth_getBalance
[2023/05/07 21:03:54.205] - eth_getBlockByNumber
[2023/05/07 21:03:54.212] - net_version
[2023/05/07 21:04:09.199] - eth_getBlockByNumber
[2023/05/07 21:04:09.206] - net_version
[2023/05/07 21:04:22.742] - net_version
[2023/05/07 21:04:23.999] - eth_accounts
[2023/05/07 21:04:24.009] - eth_getBalance
[2023/05/07 21:04:24.017] - eth_getBalance
[2023/05/07 21:04:24.025] - eth_getBalance
[2023/05/07 21:04:24.034] - eth_getBalance
[2023/05/07 21:04:24.043] - eth_getBalance
[2023/05/07 21:04:24.051] - eth_getBalance
[2023/05/07 21:04:24.198] - eth_getBlockByNumber
[2023/05/07 21:04:24.210] - net_version
[2023/05/07 21:04:39.474] - eth_getBlockByNumber
[2023/05/07 21:04:39.484] - net_version
[2023/05/07 21:04:52.746] - net_version
[2023/05/07 21:04:54.005] - eth_accounts
[2023/05/07 21:04:54.011] - eth_getBalance
[2023/05/07 21:04:54.018] - eth_getBalance
[2023/05/07 21:04:54.024] - eth_getBalance
[2023/05/07 21:04:54.031] - eth_getBalance
[2023/05/07 21:04:54.038] - eth_getBalance
[2023/05/07 21:04:54.044] - eth_getBalance
[2023/05/07 21:04:54.201] - eth_getBlockByNumber
[2023/05/07 21:04:54.208] - net_version
[2023/05/07 21:05:09.464] - eth_getBlockByNumber
[2023/05/07 21:05:09.477] - net_version
[2023/05/07 21:05:23.469] - net_version
[2023/05/07 21:05:24.476] - eth_accounts
[2023/05/07 21:05:24.482] - eth_getBalance
[2023/05/07 21:05:24.489] - eth_getBlockByNumber
[2023/05/07 21:05:24.496] - eth_getBalance
[2023/05/07 21:05:24.503] - net_version
[2023/05/07 21:05:24.509] - eth_getBalance
[2023/05/07 21:05:24.521] - eth_getBalance
[2023/05/07 21:05:24.529] - eth_getBalance
[2023/05/07 21:05:24.537] - eth_getBalance
[2023/05/07 21:05:39.471] - eth_getBlockByNumber
[2023/05/07 21:05:39.478] - net_version
[2023/05/07 21:05:53.469] - net_version
[2023/05/07 21:05:54.481] - eth_accounts
[2023/05/07 21:05:54.488] - eth_getBalance
[2023/05/07 21:05:54.494] - eth_getBlockByNumber
[2023/05/07 21:05:54.500] - eth_getBalance
[2023/05/07 21:05:54.506] - net_version
[2023/05/07 21:05:54.512] - eth_getBalance
[2023/05/07 21:05:54.519] - eth_getBalance
[2023/05/07 21:05:54.528] - eth_getBalance
[2023/05/07 21:05:54.535] - eth_getBalance
[2023/05/07 21:06:09.472] - eth_getBlockByNumber
[2023/05/07 21:06:09.485] - net_version
[2023/05/07 21:06:23.474] - net_version
[2023/05/07 21:06:24.468] - eth_accounts
[2023/05/07 21:06:24.475] - eth_getBalance
[2023/05/07 21:06:24.483] - eth_getBlockByNumber
[2023/05/07 21:06:24.489] - eth_getBalance
[2023/05/07 21:06:24.496] - net_version
[2023/05/07 21:06:24.502] - eth_getBalance
[2023/05/07 21:06:24.508] - eth_getBalance
[2023/05/07 21:06:24.516] - eth_getBalance
[2023/05/07 21:06:24.523] - eth_getBalance
[2023/05/07 21:06:39.467] - eth_getBlockByNumber
[2023/05/07 21:06:39.475] - net_version
[2023/05/07 21:06:46.630] - eth_getTransactionReceipt
[2023/05/07 21:06:46.635] - eth_getTransactionReceipt
[2023/05/07 21:06:46.640] - eth_getTransactionReceipt
[2023/05/07 21:06:46.644] - eth_getTransactionReceipt
[2023/05/07 21:06:46.647] - eth_getTransactionReceipt
[2023/05/07 21:06:48.436] - eth_unsubscribe
[2023/05/07 21:06:48.437] - eth_unsubscribe
